<?xml version="1.0" encoding="UTF-8"?>
<!-- Generated by org.testng.reporters.JUnitReportReporter -->
<testsuite skipped="3" hostname="DESKTOP-MP5NCNK" name="com.training.sanity.tests.ForgotPasswordTest" tests="4" failures="0" timestamp="2020-01-31T20:14:28 IST" time="0.323" errors="1">
  <testcase name="setUpBeforeClass" time="0.323" classname="com.training.sanity.tests.ForgotPasswordTest">
    <error type="java.lang.NoClassDefFoundError" message="org.slf4j.Logger">
      <![CDATA[java.lang.NoClassDefFoundError: org.slf4j.Logger
at org.apache.logging.slf4j.SLF4JLoggerContext.getLogger(SLF4JLoggerContext.java:39)
at org.apache.logging.log4j.jcl.LogAdapter.newLogger(LogAdapter.java:34)
at org.apache.logging.log4j.jcl.LogAdapter.newLogger(LogAdapter.java:30)
at org.apache.logging.log4j.spi.AbstractLoggerAdapter.getLogger(AbstractLoggerAdapter.java:52)
at org.apache.logging.log4j.jcl.LogFactoryImpl.getInstance(LogFactoryImpl.java:40)
at org.apache.logging.log4j.jcl.LogFactoryImpl.getInstance(LogFactoryImpl.java:55)
at org.apache.commons.logging.LogFactory.getLog(LogFactory.java:655)
at org.apache.http.conn.ssl.AbstractVerifier.<init>(AbstractVerifier.java:61)
at org.apache.http.conn.ssl.AllowAllHostnameVerifier.<clinit>(AllowAllHostnameVerifier.java:46)
at org.apache.http.conn.ssl.SSLConnectionSocketFactory.<clinit>(SSLConnectionSocketFactory.java:146)
at org.openqa.selenium.remote.internal.HttpClientFactory.getClientConnectionManager(HttpClientFactory.java:71)
at org.openqa.selenium.remote.internal.HttpClientFactory.<init>(HttpClientFactory.java:57)
at org.openqa.selenium.remote.internal.HttpClientFactory.<init>(HttpClientFactory.java:60)
at org.openqa.selenium.remote.internal.ApacheHttpClient$Factory.getDefaultHttpClientFactory(ApacheHttpClient.java:242)
at org.openqa.selenium.remote.internal.ApacheHttpClient$Factory.<init>(ApacheHttpClient.java:219)
at org.openqa.selenium.remote.HttpCommandExecutor.getDefaultClientFactory(HttpCommandExecutor.java:93)
at org.openqa.selenium.remote.HttpCommandExecutor.<init>(HttpCommandExecutor.java:72)
at org.openqa.selenium.remote.service.DriverCommandExecutor.<init>(DriverCommandExecutor.java:63)
at org.openqa.selenium.chrome.ChromeDriverCommandExecutor.<init>(ChromeDriverCommandExecutor.java:36)
at org.openqa.selenium.chrome.ChromeDriver.<init>(ChromeDriver.java:181)
at org.openqa.selenium.chrome.ChromeDriver.<init>(ChromeDriver.java:168)
at org.openqa.selenium.chrome.ChromeDriver.<init>(ChromeDriver.java:123)
at com.training.utility.DriverFactory.getDriver(DriverFactory.java:24)
at com.training.sanity.tests.ForgotPasswordTest.setUpBeforeClass(ForgotPasswordTest.java:40)
at sun.reflect.NativeMethodAccessorImpl.invoke0(Native Method)
at sun.reflect.NativeMethodAccessorImpl.invoke(NativeMethodAccessorImpl.java:90)
at sun.reflect.DelegatingMethodAccessorImpl.invoke(DelegatingMethodAccessorImpl.java:55)
at java.lang.reflect.Method.invoke(Method.java:508)
at org.testng.internal.MethodInvocationHelper.invokeMethod(MethodInvocationHelper.java:133)
at org.testng.internal.MethodInvocationHelper.invokeMethodConsideringTimeout(MethodInvocationHelper.java:62)
at org.testng.internal.ConfigInvoker.invokeConfigurationMethod(ConfigInvoker.java:340)
at org.testng.internal.ConfigInvoker.invokeConfigurations(ConfigInvoker.java:294)
at org.testng.TestRunner.invokeTestConfigurations(TestRunner.java:623)
at org.testng.TestRunner.beforeRun(TestRunner.java:613)
at org.testng.TestRunner.run(TestRunner.java:584)
at org.testng.SuiteRunner.runTest(SuiteRunner.java:402)
at org.testng.SuiteRunner.runSequentially(SuiteRunner.java:396)
at org.testng.SuiteRunner.privateRun(SuiteRunner.java:355)
at org.testng.SuiteRunner.run(SuiteRunner.java:304)
at org.testng.SuiteRunnerWorker.runSuite(SuiteRunnerWorker.java:53)
at org.testng.SuiteRunnerWorker.run(SuiteRunnerWorker.java:96)
at org.testng.TestNG.runSuitesSequentially(TestNG.java:1180)
at org.testng.TestNG.runSuitesLocally(TestNG.java:1102)
at org.testng.TestNG.runSuites(TestNG.java:1032)
at org.testng.TestNG.run(TestNG.java:1000)
at org.testng.remote.AbstractRemoteTestNG.run(AbstractRemoteTestNG.java:115)
at org.testng.remote.RemoteTestNG.initAndRun(RemoteTestNG.java:251)
at org.testng.remote.RemoteTestNG.main(RemoteTestNG.java:77)
Caused by: java.lang.ClassNotFoundException: org.slf4j.Logger
at java.net.URLClassLoader.findClass(URLClassLoader.java:610)
at java.lang.ClassLoader.loadClassHelper(ClassLoader.java:937)
at java.lang.ClassLoader.loadClass(ClassLoader.java:882)
at sun.misc.Launcher$AppClassLoader.loadClass(Launcher.java:343)
at java.lang.ClassLoader.loadClass(ClassLoader.java:865)
... 48 more
]]>
    </error>
  </testcase> <!-- setUpBeforeClass -->
  <testcase name="loginLinkTest" time="0.000" classname="com.training.sanity.tests.ForgotPasswordTest">
    <skipped/>
  </testcase> <!-- loginLinkTest -->
  <testcase name="loginTest" time="0.000" classname="com.training.sanity.tests.ForgotPasswordTest">
    <skipped/>
  </testcase> <!-- loginTest -->
  <testcase name="enterRegisteredEmail" time="0.000" classname="com.training.sanity.tests.ForgotPasswordTest">
    <skipped/>
  </testcase> <!-- enterRegisteredEmail -->
</testsuite> <!-- com.training.sanity.tests.ForgotPasswordTest -->
